<?xml version="1.0" encoding="utf-8"?><testsuites name="pytest tests"><testsuite name="pytest" errors="0" failures="1" skipped="0" tests="20" time="2.846" timestamp="2026-08-18T18:02:44.174825+00:00" hostname="agent-env-5b073182-dd55-42d4-8cc8-caa7f65be24f"><testcase classname="tests.test_backend.TestAdminAuth" name="test_admin_login_success" time="0.299" /><testcase classname="tests.test_backend.TestReservations" name="test_create_reservation_and_pricing" time="0.456" /><testcase classname="tests.test_backend.TestAdminAuth" name="test_admin_login_wrong_password" time="0.064" /><testcase classname="tests.test_backend.TestAdminAuth" name="test_list_reservations_no_auth" time="0.075" /><testcase classname="tests.test_backend.TestAdminAuth" name="test_list_reservations_bad_token" time="0.059" /><testcase classname="tests.test_backend.TestReservations" name="test_overlap_conflict" time="0.163" /><testcase classname="tests.test_backend.TestAdminAuth" name="test_list_reservations_with_admin" time="0.276" /><testcase classname="tests.test_backend.TestReservations" name="test_too_many_guests" time="0.075" /><testcase classname="tests.test_backend.TestReservations" name="test_unknown_villa" time="0.078" /><testcase classname="tests.test_backend.TestAvailability" name="test_availability_valid" time="0.083" /><testcase classname="tests.test_backend.TestAdminAuth" name="test_delete_reservation_no_auth" time="0.123" /><testcase classname="tests.test_backend.TestAvailability" name="test_availability_bad_dates" time="0.077" /><testcase classname="tests.test_backend.TestGuestLookupCancel" name="test_my_reservations" time="0.206" /><testcase classname="tests.test_backend.TestVillas" name="test_get_villas" time="0.087" /><testcase classname="tests.test_backend.TestEmailLog" name="test_reservation_creates_email_log" time="0.531" /><testcase classname="tests.test_backend.TestGuestLookupCancel" name="test_cancel_mismatched_email" time="0.139" /><testcase classname="tests.test_backend.TestGuestLookupCancel" name="test_cancel_unknown_id" time="0.065" /><testcase classname="tests.test_backend.TestGuestLookupCancel" name="test_cancel_success" time="0.464" /><testcase classname="tests.test_backend.TestLockout" name="test_brute_force_lockout" time="0.483"><failure message="AssertionError: Expected 429 lockout, got 401&#10;assert 401 == 429">backend/tests/test_backend.py:256: in test_brute_force_lockout
    assert last_status == 429, f"Expected 429 lockout, got {last_status}"
E   AssertionError: Expected 429 lockout, got 401
E   assert 401 == 429</failure></testcase><testcase classname="tests.test_backend.TestStats" name="test_stats" time="0.399" /></testsuite></testsuites>