<?xml version="1.0" encoding="utf-8"?><testsuites name="pytest tests"><testsuite name="pytest" errors="0" failures="0" skipped="0" tests="12" time="2.864" timestamp="2026-08-18T17:32:43.662106+00:00" hostname="agent-env-5b073182-dd55-42d4-8cc8-caa7f65be24f"><testcase classname="tests.test_backend.TestAvailability" name="test_availability_valid" time="0.425" /><testcase classname="tests.test_backend.TestReservations" name="test_create_reservation_and_pricing" time="0.481" /><testcase classname="tests.test_backend.TestAvailability" name="test_availability_bad_dates" time="0.129" /><testcase classname="tests.test_backend.TestReservations" name="test_overlap_conflict" time="0.173" /><testcase classname="tests.test_backend.TestAvailability" name="test_availability_same_dates" time="0.071" /><testcase classname="tests.test_backend.TestVillas" name="test_get_villas" time="0.078" /><testcase classname="tests.test_backend.TestReservations" name="test_invalid_dates" time="0.110" /><testcase classname="tests.test_backend.TestReservations" name="test_too_many_guests" time="0.098" /><testcase classname="tests.test_backend.TestReservations" name="test_unknown_villa" time="0.062" /><testcase classname="tests.test_backend.TestReservations" name="test_list_reservations" time="0.095" /><testcase classname="tests.test_backend.TestReservations" name="test_delete_reservation" time="0.328" /><testcase classname="tests.test_backend.TestReservations" name="test_stats" time="0.247" /></testsuite></testsuites>